--------------------------------------------------------------------------------
Release 10.1 Trace  (nt)
Copyright (c) 1995-2008 Xilinx, Inc.  All rights reserved.

C:\Xilinx\10.1\ISE\bin\nt\unwrapped\trce.exe -ise
C:/Users/student/Desktop/Micro_ctrl/Micro_ctrl/Micro_ctrl.ise -intstyle ise -e
3 -s 4 -xml Micro_CPU Micro_CPU.ncd -o Micro_CPU.twr Micro_CPU.pcf -ucf
CPU_ucf.ucf

Design file:              Micro_CPU.ncd
Physical constraint file: Micro_CPU.pcf
Device,package,speed:     xc3s200,ft256,-4 (PRODUCTION 1.39 2008-01-09)
Report level:             error report

Environment Variable      Effect 
--------------------      ------ 
NONE                      No environment variables were set
--------------------------------------------------------------------------------

INFO:Timing:2698 - No timing constraints found, doing default enumeration.
INFO:Timing:2752 - To get complete path coverage, use the unconstrained paths 
   option. All paths that are not constrained will be reported in the 
   unconstrained paths section(s) of the report.
INFO:Timing:3339 - The clock-to-out numbers in this timing report are based on 
   a 50 Ohm transmission line loading model.  For the details of this model, 
   and for more information on accounting for different loading conditions, 
   please see the device datasheet.



Data Sheet report:
-----------------
All values displayed in nanoseconds (ns)

Setup/Hold to clock clk
------------+------------+------------+------------------+--------+
            |  Setup to  |  Hold to   |                  | Clock  |
Source      | clk (edge) | clk (edge) |Internal Clock(s) | Phase  |
------------+------------+------------+------------------+--------+
disp_type<0>|    6.462(R)|   -0.885(R)|clk_BUFGP         |   0.000|
disp_type<1>|    7.232(R)|   -1.471(R)|clk_BUFGP         |   0.000|
reg_index<0>|   19.795(R)|   -2.806(R)|clk_BUFGP         |   0.000|
reg_index<1>|   13.295(R)|   -2.466(R)|clk_BUFGP         |   0.000|
reg_index<2>|   12.584(R)|   -2.086(R)|clk_BUFGP         |   0.000|
reg_index<3>|   12.779(R)|   -2.178(R)|clk_BUFGP         |   0.000|
reg_index<4>|   11.887(R)|   -2.192(R)|clk_BUFGP         |   0.000|
------------+------------+------------+------------------+--------+

Clock clk to Pad
------------+------------+------------------+--------+
            | clk (edge) |                  | Clock  |
Destination |   to PAD   |Internal Clock(s) | Phase  |
------------+------------+------------------+--------+
anode<0>    |    9.205(R)|clk_BUFGP         |   0.000|
anode<1>    |    9.096(R)|clk_BUFGP         |   0.000|
anode<2>    |    8.380(R)|clk_BUFGP         |   0.000|
anode<3>    |    9.127(R)|clk_BUFGP         |   0.000|
segment<0>  |    9.538(R)|clk_BUFGP         |   0.000|
segment<1>  |    9.523(R)|clk_BUFGP         |   0.000|
segment<2>  |    9.536(R)|clk_BUFGP         |   0.000|
segment<3>  |    9.877(R)|clk_BUFGP         |   0.000|
segment<4>  |   10.400(R)|clk_BUFGP         |   0.000|
segment<5>  |    9.546(R)|clk_BUFGP         |   0.000|
segment<6>  |    9.585(R)|clk_BUFGP         |   0.000|
------------+------------+------------------+--------+

Clock mode to Pad
------------+------------+------------------+--------+
            | clk (edge) |                  | Clock  |
Destination |   to PAD   |Internal Clock(s) | Phase  |
------------+------------+------------------+--------+
led<0>      |   16.913(F)|multi_clk         |   0.000|
led<1>      |   17.212(F)|multi_clk         |   0.000|
led<2>      |   15.444(R)|multi_clk         |   0.000|
led<3>      |   15.907(R)|multi_clk         |   0.000|
led<4>      |   15.803(R)|multi_clk         |   0.000|
------------+------------+------------------+--------+

Clock to Setup on destination clock clk
---------------+---------+---------+---------+---------+
               | Src:Rise| Src:Fall| Src:Rise| Src:Fall|
Source Clock   |Dest:Rise|Dest:Rise|Dest:Fall|Dest:Fall|
---------------+---------+---------+---------+---------+
clk            |    5.499|         |         |         |
mode           |   11.439|   11.656|         |         |
---------------+---------+---------+---------+---------+

Clock to Setup on destination clock mode
---------------+---------+---------+---------+---------+
               | Src:Rise| Src:Fall| Src:Rise| Src:Fall|
Source Clock   |Dest:Rise|Dest:Rise|Dest:Fall|Dest:Fall|
---------------+---------+---------+---------+---------+
clk            |         |         |    6.390|         |
mode           |   21.500|   18.508|   18.064|   15.635|
---------------+---------+---------+---------+---------+

Pad to Pad
---------------+---------------+---------+
Source Pad     |Destination Pad|  Delay  |
---------------+---------------+---------+
mode           |led<6>         |    8.364|
mode           |led<7>         |    9.063|
---------------+---------------+---------+


Analysis completed Mon Jun 16 16:03:13 2014 
--------------------------------------------------------------------------------

Trace Settings:
-------------------------
Trace Settings 

Peak Memory Usage: 128 MB



