--------------------------------------------------------------------------------
Release 10.1 Trace  (nt)
Copyright (c) 1995-2008 Xilinx, Inc.  All rights reserved.

C:\Xilinx\10.1\ISE\bin\nt\unwrapped\trce.exe -ise
C:/Users/student/Desktop/p5/p5/p5.ise -intstyle ise -e 3 -s 4 -xml top top.ncd
-o top.twr top.pcf -ucf p5.ucf

Design file:              top.ncd
Physical constraint file: top.pcf
Device,package,speed:     xc3s200,ft256,-4 (PRODUCTION 1.39 2008-01-09)
Report level:             error report

Environment Variable      Effect 
--------------------      ------ 
NONE                      No environment variables were set
--------------------------------------------------------------------------------

INFO:Timing:2698 - No timing constraints found, doing default enumeration.
INFO:Timing:2752 - To get complete path coverage, use the unconstrained paths 
   option. All paths that are not constrained will be reported in the 
   unconstrained paths section(s) of the report.
INFO:Timing:3339 - The clock-to-out numbers in this timing report are based on 
   a 50 Ohm transmission line loading model.  For the details of this model, 
   and for more information on accounting for different loading conditions, 
   please see the device datasheet.



Data Sheet report:
-----------------
All values displayed in nanoseconds (ns)

Pad to Pad
---------------+---------------+---------+
Source Pad     |Destination Pad|  Delay  |
---------------+---------------+---------+
button         |led<0>         |    7.979|
button         |led<1>         |    8.880|
button         |led<2>         |    7.979|
button         |led<3>         |    8.827|
button         |led<4>         |    8.396|
button         |led<5>         |    9.768|
button         |led<6>         |    8.754|
button         |led<7>         |    8.831|
switch<0>      |led<0>         |    8.859|
switch<1>      |led<1>         |    9.957|
switch<2>      |led<2>         |    8.093|
switch<3>      |led<3>         |    8.981|
switch<4>      |led<4>         |    8.793|
switch<5>      |led<5>         |    9.931|
switch<6>      |led<6>         |    9.362|
switch<7>      |led<7>         |    9.421|
---------------+---------------+---------+


Analysis completed Tue Mar 25 10:39:25 2014 
--------------------------------------------------------------------------------

Trace Settings:
-------------------------
Trace Settings 

Peak Memory Usage: 94 MB



