--------------------------------------------------------------------------------
Release 10.1 Trace  (nt)
Copyright (c) 1995-2008 Xilinx, Inc.  All rights reserved.

C:\Xilinx\10.1\ISE\bin\nt\unwrapped\trce.exe -ise
C:/Users/student/Desktop/p3/p3.ise -intstyle ise -e 3 -s 4 -xml hlz hlz.ncd -o
hlz.twr hlz.pcf -ucf lab3.ucf

Design file:              hlz.ncd
Physical constraint file: hlz.pcf
Device,package,speed:     xc3s200,ft256,-4 (PRODUCTION 1.39 2008-01-09)
Report level:             error report

Environment Variable      Effect 
--------------------      ------ 
NONE                      No environment variables were set
--------------------------------------------------------------------------------

INFO:Timing:2698 - No timing constraints found, doing default enumeration.
INFO:Timing:2752 - To get complete path coverage, use the unconstrained paths 
   option. All paths that are not constrained will be reported in the 
   unconstrained paths section(s) of the report.
INFO:Timing:3339 - The clock-to-out numbers in this timing report are based on 
   a 50 Ohm transmission line loading model.  For the details of this model, 
   and for more information on accounting for different loading conditions, 
   please see the device datasheet.



Data Sheet report:
-----------------
All values displayed in nanoseconds (ns)

Setup/Hold to clock clk
------------+------------+------------+------------------+--------+
            |  Setup to  |  Hold to   |                  | Clock  |
Source      | clk (edge) | clk (edge) |Internal Clock(s) | Phase  |
------------+------------+------------+------------------+--------+
button<0>   |    6.545(R)|   -1.667(R)|clk_BUFGP         |   0.000|
button<1>   |    7.803(R)|   -0.486(R)|clk_BUFGP         |   0.000|
switch<0>   |    3.017(R)|   -0.130(R)|clk_BUFGP         |   0.000|
switch<1>   |    3.856(R)|    0.180(R)|clk_BUFGP         |   0.000|
switch<2>   |    7.134(R)|   -1.201(R)|clk_BUFGP         |   0.000|
switch<3>   |    5.921(R)|   -1.050(R)|clk_BUFGP         |   0.000|
switch<4>   |    6.320(R)|   -0.922(R)|clk_BUFGP         |   0.000|
switch<5>   |    5.381(R)|    0.003(R)|clk_BUFGP         |   0.000|
switch<6>   |    2.973(R)|    0.757(R)|clk_BUFGP         |   0.000|
------------+------------+------------+------------------+--------+

Clock clk to Pad
------------+------------+------------------+--------+
            | clk (edge) |                  | Clock  |
Destination |   to PAD   |Internal Clock(s) | Phase  |
------------+------------+------------------+--------+
anode<0>    |    9.537(R)|clk_BUFGP         |   0.000|
anode<1>    |    8.380(R)|clk_BUFGP         |   0.000|
anode<2>    |    8.380(R)|clk_BUFGP         |   0.000|
anode<3>    |    9.099(R)|clk_BUFGP         |   0.000|
segment<0>  |   10.012(R)|clk_BUFGP         |   0.000|
segment<1>  |    9.741(R)|clk_BUFGP         |   0.000|
segment<2>  |    9.467(R)|clk_BUFGP         |   0.000|
segment<3>  |    9.428(R)|clk_BUFGP         |   0.000|
segment<4>  |   10.337(R)|clk_BUFGP         |   0.000|
segment<5>  |    9.684(R)|clk_BUFGP         |   0.000|
segment<6>  |    9.209(R)|clk_BUFGP         |   0.000|
------------+------------+------------------+--------+

Clock to Setup on destination clock clk
---------------+---------+---------+---------+---------+
               | Src:Rise| Src:Fall| Src:Rise| Src:Fall|
Source Clock   |Dest:Rise|Dest:Rise|Dest:Fall|Dest:Fall|
---------------+---------+---------+---------+---------+
clk            |    3.957|         |         |         |
---------------+---------+---------+---------+---------+

Pad to Pad
---------------+---------------+---------+
Source Pad     |Destination Pad|  Delay  |
---------------+---------------+---------+
button<0>      |o_zf           |   10.579|
button<1>      |o_zf           |   11.837|
switch<2>      |o_zf           |   11.168|
switch<3>      |o_zf           |   10.339|
switch<4>      |o_zf           |   10.354|
switch<5>      |o_zf           |    9.907|
---------------+---------------+---------+


Analysis completed Tue Mar 18 11:15:40 2014 
--------------------------------------------------------------------------------

Trace Settings:
-------------------------
Trace Settings 

Peak Memory Usage: 90 MB



