Release 10.1 - xst K.31 (nt)
Copyright (c) 1995-2008 Xilinx, Inc.  All rights reserved.
--> Parameter TMPDIR set to C:/Users/student/Desktop/single/single/xst/projnav.tmp


Total REAL time to Xst completion: 0.00 secs
Total CPU time to Xst completion: 0.19 secs
 
--> Parameter xsthdpdir set to C:/Users/student/Desktop/single/single/xst


Total REAL time to Xst completion: 0.00 secs
Total CPU time to Xst completion: 0.19 secs
 
--> Reading design: adder_32bits.prj

TABLE OF CONTENTS
  1) Synthesis Options Summary
  2) HDL Compilation
  3) Design Hierarchy Analysis
  4) HDL Analysis
  5) HDL Synthesis
     5.1) HDL Synthesis Report
  6) Advanced HDL Synthesis
     6.1) Advanced HDL Synthesis Report
  7) Low Level Synthesis
  8) Partition Report
  9) Final Report
     9.1) Device utilization summary
     9.2) Partition Resource Summary
     9.3) TIMING REPORT


=========================================================================
*                      Synthesis Options Summary                        *
=========================================================================
---- Source Parameters
Input File Name                    : "adder_32bits.prj"
Input Format                       : mixed
Ignore Synthesis Constraint File   : NO

---- Target Parameters
Output File Name                   : "adder_32bits"
Output Format                      : NGC
Target Device                      : xa3s200-4-ftg256

---- Source Options
Top Module Name                    : adder_32bits
Automatic FSM Extraction           : YES
FSM Encoding Algorithm             : Auto
Safe Implementation                : No
FSM Style                          : lut
RAM Extraction                     : Yes
RAM Style                          : Auto
ROM Extraction                     : Yes
Mux Style                          : Auto
Decoder Extraction                 : YES
Priority Encoder Extraction        : YES
Shift Register Extraction          : YES
Logical Shifter Extraction         : YES
XOR Collapsing                     : YES
ROM Style                          : Auto
Mux Extraction                     : YES
Resource Sharing                   : YES
Asynchronous To Synchronous        : NO
Multiplier Style                   : auto
Automatic Register Balancing       : No

---- Target Options
Add IO Buffers                     : YES
Global Maximum Fanout              : 500
Add Generic Clock Buffer(BUFG)     : 8
Register Duplication               : YES
Slice Packing                      : YES
Optimize Instantiated Primitives   : NO
Use Clock Enable                   : Yes
Use Synchronous Set                : Yes
Use Synchronous Reset              : Yes
Pack IO Registers into IOBs        : auto
Equivalent register Removal        : YES

---- General Options
Optimization Goal                  : Speed
Optimization Effort                : 1
Library Search Order               : adder_32bits.lso
Keep Hierarchy                     : NO
Netlist Hierarchy                  : as_optimized
RTL Output                         : Yes
Global Optimization                : AllClockNets
Read Cores                         : YES
Write Timing Constraints           : NO
Cross Clock Analysis               : NO
Hierarchy Separator                : /
Bus Delimiter                      : <>
Case Specifier                     : maintain
Slice Utilization Ratio            : 100
BRAM Utilization Ratio             : 100
Verilog 2001                       : YES
Auto BRAM Packing                  : NO
Slice Utilization Ratio Delta      : 5

=========================================================================


=========================================================================
*                          HDL Compilation                              *
=========================================================================
Compiling verilog file "../../ÐÞ¸Ä/adder_32bits.v" in library work
Module <adder_32bits> compiled
Module <adder_1bit> compiled
No errors in compilation
Analysis of file <"adder_32bits.prj"> succeeded.
 

=========================================================================
*                     Design Hierarchy Analysis                         *
=========================================================================
Analyzing hierarchy for module <adder_32bits> in library <work> with parameters.
	size = "00000000000000000000000000100000"

Analyzing hierarchy for module <adder_1bit> in library <work>.


=========================================================================
*                            HDL Analysis                               *
=========================================================================
Analyzing top module <adder_32bits>.
	size = 32'sb00000000000000000000000000100000
Module <adder_32bits> is correct for synthesis.
 
Analyzing module <adder_1bit> in library <work>.
Module <adder_1bit> is correct for synthesis.
 

=========================================================================
*                           HDL Synthesis                               *
=========================================================================

Performing bidirectional port resolution...

Synthesizing Unit <adder_1bit>.
    Related source file is "../../ÐÞ¸Ä/adder_32bits.v".
    Found 1-bit xor3 for signal <s>.
    Summary:
	inferred   1 Xor(s).
Unit <adder_1bit> synthesized.


Synthesizing Unit <adder_32bits>.
    Related source file is "../../ÐÞ¸Ä/adder_32bits.v".
    Found 1-bit xor2 for signal <Bo$xor0000> created at line 31.
    Found 1-bit xor2 for signal <Bo$xor0001> created at line 31.
    Found 1-bit xor2 for signal <Bo$xor0002> created at line 31.
    Found 1-bit xor2 for signal <Bo$xor0003> created at line 31.
    Found 1-bit xor2 for signal <Bo$xor0004> created at line 31.
    Found 1-bit xor2 for signal <Bo$xor0005> created at line 31.
    Found 1-bit xor2 for signal <Bo$xor0006> created at line 31.
    Found 1-bit xor2 for signal <Bo$xor0007> created at line 31.
    Found 1-bit xor2 for signal <Bo$xor0008> created at line 31.
    Found 1-bit xor2 for signal <Bo$xor0009> created at line 31.
    Found 1-bit xor2 for signal <Bo$xor0010> created at line 31.
    Found 1-bit xor2 for signal <Bo$xor0011> created at line 31.
    Found 1-bit xor2 for signal <Bo$xor0012> created at line 31.
    Found 1-bit xor2 for signal <Bo$xor0013> created at line 31.
    Found 1-bit xor2 for signal <Bo$xor0014> created at line 31.
    Found 1-bit xor2 for signal <Bo$xor0015> created at line 31.
Unit <adder_32bits> synthesized.


=========================================================================
HDL Synthesis Report

Macro Statistics
# Xors                                                 : 48
 1-bit xor2                                            : 16
 1-bit xor3                                            : 32

=========================================================================

=========================================================================
*                       Advanced HDL Synthesis                          *
=========================================================================

Loading device for application Rf_Device from file '3s200.nph' in environment C:\Xilinx\10.1\ISE.

=========================================================================
Advanced HDL Synthesis Report

Macro Statistics
# Xors                                                 : 48
 1-bit xor2                                            : 16
 1-bit xor3                                            : 32

=========================================================================

=========================================================================
*                         Low Level Synthesis                           *
=========================================================================

Optimizing unit <adder_32bits> ...

Mapping all equations...
Building and optimizing final netlist ...
Found area constraint ratio of 100 (+ 5) on block adder_32bits, actual ratio is 1.

Final Macro Processing ...

=========================================================================
Final Register Report

Found no macro
=========================================================================

=========================================================================
*                           Partition Report                             *
=========================================================================

Partition Implementation Status
-------------------------------

  No Partitions were found in this design.

-------------------------------

=========================================================================
*                            Final Report                               *
=========================================================================
Final Results
RTL Top Level Output File Name     : adder_32bits.ngr
Top Level Output File Name         : adder_32bits
Output Format                      : NGC
Optimization Goal                  : Speed
Keep Hierarchy                     : NO

Design Statistics
# IOs                              : 98

Cell Usage :
# BELS                             : 64
#      LUT2                        : 1
#      LUT3                        : 33
#      LUT4                        : 30
# IO Buffers                       : 98
#      IBUF                        : 65
#      OBUF                        : 33
=========================================================================

Device utilization summary:
---------------------------

Selected Device : xa3s200ftg256-4 

 Number of Slices:                       37  out of   1920     1%  
 Number of 4 input LUTs:                 64  out of   3840     1%  
 Number of IOs:                          98
 Number of bonded IOBs:                  98  out of    173    56%  

---------------------------
Partition Resource Summary:
---------------------------

  No Partitions were found in this design.

---------------------------


=========================================================================
TIMING REPORT

NOTE: THESE TIMING NUMBERS ARE ONLY A SYNTHESIS ESTIMATE.
      FOR ACCURATE TIMING INFORMATION PLEASE REFER TO THE TRACE REPORT
      GENERATED AFTER PLACE-and-ROUTE.

Clock Information:
------------------
No clock signals found in this design

Asynchronous Control Signals Information:
----------------------------------------
No asynchronous control signals found in this design

Timing Summary:
---------------
Speed Grade: -4

   Minimum period: No path found
   Minimum input arrival time before clock: No path found
   Maximum output required time after clock: No path found
   Maximum combinational path delay: 57.637ns

Timing Detail:
--------------
All values displayed in nanoseconds (ns)

=========================================================================
Timing constraint: Default path analysis
  Total number of paths / destination ports: 1527 / 33
-------------------------------------------------------------------------
Delay:               57.637ns (Levels of Logic = 34)
  Source:            Ctr (PAD)
  Destination:       Co (PAD)

  Data Path: Ctr to Co
                                Gate     Net
    Cell:in->out      fanout   Delay   Delay  Logical Name (Net Name)
    ----------------------------------------  ------------
     IBUF:I->O            31   0.821   2.042  Ctr_IBUF (Ctr_IBUF)
     LUT3:I1->O            2   0.551   0.903  A1/co1 (Ctemp<1>)
     LUT4:I3->O            2   0.551   0.903  A2/co1 (Ctemp<2>)
     LUT4:I3->O            2   0.551   0.903  A3/co1 (Ctemp<3>)
     LUT4:I3->O            2   0.551   0.903  A4/co1 (Ctemp<4>)
     LUT4:I3->O            2   0.551   0.903  A5/co1 (Ctemp<5>)
     LUT4:I3->O            2   0.551   0.903  A6/co1 (Ctemp<6>)
     LUT4:I3->O            2   0.551   0.903  A7/co1 (Ctemp<7>)
     LUT4:I3->O            2   0.551   0.903  A8/co1 (Ctemp<8>)
     LUT4:I3->O            2   0.551   0.903  A9/co1 (Ctemp<9>)
     LUT4:I3->O            2   0.551   0.903  A10/co1 (Ctemp<10>)
     LUT4:I3->O            2   0.551   0.903  A11/co1 (Ctemp<11>)
     LUT4:I3->O            2   0.551   0.903  A12/co1 (Ctemp<12>)
     LUT4:I3->O            2   0.551   0.903  A13/co1 (Ctemp<13>)
     LUT4:I3->O            2   0.551   0.903  A14/co1 (Ctemp<14>)
     LUT4:I3->O            2   0.551   0.903  A15/co1 (Ctemp<15>)
     LUT4:I3->O            2   0.551   1.072  A16/co1 (Ctemp<16>)
     LUT3:I1->O            2   0.551   1.072  A17/co1 (Ctemp<17>)
     LUT3:I1->O            2   0.551   1.072  A18/co1 (Ctemp<18>)
     LUT3:I1->O            2   0.551   1.072  A19/co1 (Ctemp<19>)
     LUT3:I1->O            2   0.551   1.072  A20/co1 (Ctemp<20>)
     LUT3:I1->O            2   0.551   1.072  A21/co1 (Ctemp<21>)
     LUT3:I1->O            2   0.551   1.072  A22/co1 (Ctemp<22>)
     LUT3:I1->O            2   0.551   1.072  A23/co1 (Ctemp<23>)
     LUT3:I1->O            2   0.551   1.072  A24/co1 (Ctemp<24>)
     LUT3:I1->O            2   0.551   1.072  A25/co1 (Ctemp<25>)
     LUT3:I1->O            2   0.551   1.072  A26/co1 (Ctemp<26>)
     LUT3:I1->O            2   0.551   1.072  A27/co1 (Ctemp<27>)
     LUT3:I1->O            2   0.551   1.072  A28/co1 (Ctemp<28>)
     LUT3:I1->O            2   0.551   1.072  A29/co1 (Ctemp<29>)
     LUT3:I1->O            2   0.551   1.072  A30/co1 (Ctemp<30>)
     LUT3:I1->O            2   0.551   1.072  A31/co1 (Ctemp<31>)
     LUT3:I1->O            1   0.551   0.801  A32/co1 (Co_OBUF)
     OBUF:I->O                 5.644          Co_OBUF (Co)
    ----------------------------------------
    Total                     57.637ns (24.097ns logic, 33.540ns route)
                                       (41.8% logic, 58.2% route)

=========================================================================


Total REAL time to Xst completion: 5.00 secs
Total CPU time to Xst completion: 5.53 secs
 
--> 

Total memory usage is 177904 kilobytes

Number of errors   :    0 (   0 filtered)
Number of warnings :    0 (   0 filtered)
Number of infos    :    0 (   0 filtered)

