Release 10.1 Map K.31 (nt)
Xilinx Mapping Report File for Design 'CPU'

Design Information
------------------
Command Line   : map -ise C:/Users/student/Desktop/single/single/single.ise
-intstyle ise -p xc3s200-ft256-4 -cm area -pr off -k 4 -c 100 -o CPU_map.ncd
CPU.ngd CPU.pcf 
Target Device  : xc3s200
Target Package : ft256
Target Speed   : -4
Mapper Version : spartan3 -- $Revision: 1.46 $
Mapped Date    : Fri May 16 16:08:21 2014

Design Summary
--------------
Number of errors:      0
Number of warnings:    0
Logic Utilization:
  Number of Slice Flip Flops:         1,123 out of   3,840   29%
  Number of 4 input LUTs:             2,144 out of   3,840   55%
Logic Distribution:
  Number of occupied Slices:          1,619 out of   1,920   84%
    Number of Slices containing only related logic:   1,619 out of   1,619 100%
    Number of Slices containing unrelated logic:          0 out of   1,619   0%
      *See NOTES below for an explanation of the effects of unrelated logic.
  Total Number of 4 input LUTs:       2,208 out of   3,840   57%
    Number used as logic:             2,144
    Number used as a route-thru:         64
  Number of bonded IOBs:                 28 out of     173   16%
  Number of RAMB16s:                      2 out of      12   16%
  Number of BUFGMUXs:                     2 out of       8   25%

Peak Memory Usage:  180 MB
Total REAL time to MAP completion:  5 secs 
Total CPU time to MAP completion:   4 secs 

NOTES:

   Related logic is defined as being logic that shares connectivity - e.g. two
   LUTs are "related" if they share common inputs.  When assembling slices,
   Map gives priority to combine logic that is related.  Doing so results in
   the best timing performance.

   Unrelated logic shares no connectivity.  Map will only begin packing
   unrelated logic into a slice once 99% of the slices are occupied through
   related logic packing.

   Note that once logic distribution reaches the 99% level through related
   logic packing, this does not mean the device is completely utilized.
   Unrelated logic packing will then begin, continuing until all usable LUTs
   and FFs are occupied.  Depending on your timing budget, increased levels of
   unrelated logic packing may adversely affect the overall timing performance
   of your design.

Table of Contents
-----------------
Section 1 - Errors
Section 2 - Warnings
Section 3 - Informational
Section 4 - Removed Logic Summary
Section 5 - Removed Logic
Section 6 - IOB Properties
Section 7 - RPMs
Section 8 - Guide Report
Section 9 - Area Group and Partition Summary
Section 10 - Modular Design Summary
Section 11 - Timing Report
Section 12 - Configuration String Information
Section 13 - Control Set Information
Section 14 - Utilization by Hierarchy

Section 1 - Errors
------------------

Section 2 - Warnings
--------------------

Section 3 - Informational
-------------------------
INFO:MapLib:562 - No environment variables are currently set.
INFO:LIT:244 - All of the single ended outputs in this design are using slew
   rate limited output drivers. The delay on speed critical single ended outputs
   can be dramatically reduced by designating them as fast outputs.

Section 4 - Removed Logic Summary
---------------------------------
   6 block(s) optimized away

Section 5 - Removed Logic
-------------------------

Optimized Block(s):
TYPE 		BLOCK
GND 		XST_GND
VCC 		XST_VCC
GND 		in1/GND
VCC 		in1/VCC
GND 		mem1/GND
VCC 		mem1/VCC

To enable printing of redundant blocks removed and signals merged, set the
detailed map report option and rerun map.

Section 6 - IOB Properties
--------------------------

+----------------------------------------------------------------------------------------------------------------------------------------+
| IOB Name                           | Type             | Direction | IO Standard | Drive    | Slew | Reg (s)      | Resistor | IOB      |
|                                    |                  |           |             | Strength | Rate |              |          | Delay    |
+----------------------------------------------------------------------------------------------------------------------------------------+
| anode<0>                           | IOB              | OUTPUT    | LVCMOS25    | 12       | SLOW |              |          |          |
| anode<1>                           | IOB              | OUTPUT    | LVCMOS25    | 12       | SLOW |              |          |          |
| anode<2>                           | IOB              | OUTPUT    | LVCMOS25    | 12       | SLOW |              |          |          |
| anode<3>                           | IOB              | OUTPUT    | LVCMOS25    | 12       | SLOW |              |          |          |
| clk                                | IOB              | INPUT     | LVCMOS25    |          |      |              |          |          |
| disp_type<0>                       | IOB              | INPUT     | LVCMOS25    |          |      |              |          |          |
| disp_type<1>                       | IOB              | INPUT     | LVCMOS25    |          |      |              |          |          |
| exec                               | IOB              | INPUT     | LVCMOS25    |          |      |              |          |          |
| led<0>                             | IOB              | OUTPUT    | LVCMOS25    | 12       | SLOW |              |          |          |
| led<1>                             | IOB              | OUTPUT    | LVCMOS25    | 12       | SLOW |              |          |          |
| led<2>                             | IOB              | OUTPUT    | LVCMOS25    | 12       | SLOW |              |          |          |
| led<3>                             | IOB              | OUTPUT    | LVCMOS25    | 12       | SLOW |              |          |          |
| led<4>                             | IOB              | OUTPUT    | LVCMOS25    | 12       | SLOW |              |          |          |
| led<5>                             | IOB              | OUTPUT    | LVCMOS25    | 12       | SLOW |              |          |          |
| reg_index<0>                       | IOB              | INPUT     | LVCMOS25    |          |      |              |          |          |
| reg_index<1>                       | IOB              | INPUT     | LVCMOS25    |          |      |              |          |          |
| reg_index<2>                       | IOB              | INPUT     | LVCMOS25    |          |      |              |          |          |
| reg_index<3>                       | IOB              | INPUT     | LVCMOS25    |          |      |              |          |          |
| reg_index<4>                       | IOB              | INPUT     | LVCMOS25    |          |      |              |          |          |
| rst                                | IOB              | INPUT     | LVCMOS25    |          |      |              |          |          |
| segment<0>                         | IOB              | OUTPUT    | LVCMOS25    | 12       | SLOW |              |          |          |
| segment<1>                         | IOB              | OUTPUT    | LVCMOS25    | 12       | SLOW |              |          |          |
| segment<2>                         | IOB              | OUTPUT    | LVCMOS25    | 12       | SLOW |              |          |          |
| segment<3>                         | IOB              | OUTPUT    | LVCMOS25    | 12       | SLOW |              |          |          |
| segment<4>                         | IOB              | OUTPUT    | LVCMOS25    | 12       | SLOW |              |          |          |
| segment<5>                         | IOB              | OUTPUT    | LVCMOS25    | 12       | SLOW |              |          |          |
| segment<6>                         | IOB              | OUTPUT    | LVCMOS25    | 12       | SLOW |              |          |          |
| segment<7>                         | IOB              | OUTPUT    | LVCMOS25    | 12       | SLOW |              |          |          |
+----------------------------------------------------------------------------------------------------------------------------------------+

Section 7 - RPMs
----------------

Section 8 - Guide Report
------------------------
Guide not run on this design.

Section 9 - Area Group and Partition Summary
--------------------------------------------

Partition Implementation Status
-------------------------------

  No Partitions were found in this design.

-------------------------------

Area Group Information
----------------------

  No area groups were found in this design.

----------------------

Section 10 - Modular Design Summary
-----------------------------------
Modular Design not used for this design.

Section 11 - Timing Report
--------------------------
This design was not run using timing mode.

Section 12 - Configuration String Details
-----------------------------------------
Use the "-detail" map option to print out Configuration Strings

Section 13 - Control Set Information
------------------------------------
No control set information for this architecture.

Section 14 - Utilization by Hierarchy
-------------------------------------
+-------------------------------------------------------------------------------------------------------------------------------------------------------------+
| Module             | Partition | Slices        | Slice Reg     | LUTs          | LUTRAM        | BRAM      | MULT18X18 | BUFG  | DCM   | Full Hierarchical  |
+-------------------------------------------------------------------------------------------------------------------------------------------------------------+
| CPU/               |           | 88/1784       | 16/1123       | 121/2208      | 0/0           | 0/2       | 0/0       | 1/2   | 0/0   | CPU                |
| +a1                |           | 5/5           | 0/0           | 5/5           | 0/0           | 0/0       | 0/0       | 0/0   | 0/0   | CPU/a1             |
| +a2                |           | 28/102        | 0/0           | 53/141        | 0/0           | 0/0       | 0/0       | 0/0   | 0/0   | CPU/a2             |
| ++m0               |           | 0/74          | 0/0           | 0/88          | 0/0           | 0/0       | 0/0       | 0/0   | 0/0   | CPU/a2/m0          |
| +++A1              |           | 2/2           | 0/0           | 2/2           | 0/0           | 0/0       | 0/0       | 0/0   | 0/0   | CPU/a2/m0/A1       |
| +++A10             |           | 4/4           | 0/0           | 6/6           | 0/0           | 0/0       | 0/0       | 0/0   | 0/0   | CPU/a2/m0/A10      |
| +++A11             |           | 9/9           | 0/0           | 10/10         | 0/0           | 0/0       | 0/0       | 0/0   | 0/0   | CPU/a2/m0/A11      |
| +++A12             |           | 5/5           | 0/0           | 7/7           | 0/0           | 0/0       | 0/0       | 0/0   | 0/0   | CPU/a2/m0/A12      |
| +++A13             |           | 5/5           | 0/0           | 5/5           | 0/0           | 0/0       | 0/0       | 0/0   | 0/0   | CPU/a2/m0/A13      |
| +++A14             |           | 5/5           | 0/0           | 5/5           | 0/0           | 0/0       | 0/0       | 0/0   | 0/0   | CPU/a2/m0/A14      |
| +++A15             |           | 5/5           | 0/0           | 5/5           | 0/0           | 0/0       | 0/0       | 0/0   | 0/0   | CPU/a2/m0/A15      |
| +++A16             |           | 3/3           | 0/0           | 4/4           | 0/0           | 0/0       | 0/0       | 0/0   | 0/0   | CPU/a2/m0/A16      |
| +++A2              |           | 4/4           | 0/0           | 6/6           | 0/0           | 0/0       | 0/0       | 0/0   | 0/0   | CPU/a2/m0/A2       |
| +++A3              |           | 2/2           | 0/0           | 2/2           | 0/0           | 0/0       | 0/0       | 0/0   | 0/0   | CPU/a2/m0/A3       |
| +++A4              |           | 5/5           | 0/0           | 7/7           | 0/0           | 0/0       | 0/0       | 0/0   | 0/0   | CPU/a2/m0/A4       |
| +++A5              |           | 6/6           | 0/0           | 6/6           | 0/0           | 0/0       | 0/0       | 0/0   | 0/0   | CPU/a2/m0/A5       |
| +++A6              |           | 5/5           | 0/0           | 7/7           | 0/0           | 0/0       | 0/0       | 0/0   | 0/0   | CPU/a2/m0/A6       |
| +++A7              |           | 3/3           | 0/0           | 3/3           | 0/0           | 0/0       | 0/0       | 0/0   | 0/0   | CPU/a2/m0/A7       |
| +++A8              |           | 5/5           | 0/0           | 7/7           | 0/0           | 0/0       | 0/0       | 0/0   | 0/0   | CPU/a2/m0/A8       |
| +++A9              |           | 6/6           | 0/0           | 6/6           | 0/0           | 0/0       | 0/0       | 0/0   | 0/0   | CPU/a2/m0/A9       |
| +b1                |           | 16/16         | 0/0           | 32/32         | 0/0           | 0/0       | 0/0       | 0/0   | 0/0   | CPU/b1             |
| +c1                |           | 3/3           | 0/0           | 3/3           | 0/0           | 0/0       | 0/0       | 0/0   | 0/0   | CPU/c1             |
| +d1                |           | 20/20         | 31/31         | 17/17         | 0/0           | 0/0       | 0/0       | 0/0   | 0/0   | CPU/d1             |
| +g1                |           | 1288/1288     | 992/992       | 1575/1575     | 0/0           | 0/0       | 0/0       | 0/0   | 0/0   | CPU/g1             |
| +in1               |           | 0/0           | 0/0           | 0/0           | 0/0           | 1/1       | 0/0       | 0/0   | 0/0   | CPU/in1            |
| +k1                |           | 16/16         | 0/0           | 1/1           | 0/0           | 0/0       | 0/0       | 0/0   | 0/0   | CPU/k1             |
| +k2                |           | 77/77         | 32/32         | 60/60         | 0/0           | 0/0       | 0/0       | 0/0   | 0/0   | CPU/k2             |
| +m1                |           | 4/4           | 0/0           | 7/7           | 0/0           | 0/0       | 0/0       | 0/0   | 0/0   | CPU/m1             |
| +m3                |           | 62/62         | 0/0           | 123/123       | 0/0           | 0/0       | 0/0       | 0/0   | 0/0   | CPU/m3             |
| +m4                |           | 15/15         | 0/0           | 17/17         | 0/0           | 0/0       | 0/0       | 0/0   | 0/0   | CPU/m4             |
| +m5                |           | 46/46         | 0/0           | 80/80         | 0/0           | 0/0       | 0/0       | 0/0   | 0/0   | CPU/m5             |
| +mem1              |           | 0/0           | 0/0           | 0/0           | 0/0           | 1/1       | 0/0       | 0/0   | 0/0   | CPU/mem1           |
| +p1                |           | 7/20          | 8/25          | 6/13          | 0/0           | 0/0       | 0/0       | 1/1   | 0/0   | CPU/p1             |
| ++m0               |           | 13/13         | 17/17         | 7/7           | 0/0           | 0/0       | 0/0       | 0/0   | 0/0   | CPU/p1/m0          |
| +p2                |           | 9/22          | 10/27         | 6/13          | 0/0           | 0/0       | 0/0       | 0/0   | 0/0   | CPU/p2             |
| ++m0               |           | 13/13         | 17/17         | 7/7           | 0/0           | 0/0       | 0/0       | 0/0   | 0/0   | CPU/p2/m0          |
+-------------------------------------------------------------------------------------------------------------------------------------------------------------+

* Slices can be packed with basic elements from multiple hierarchies.
  Therefore, a slice will be counted in every hierarchical module
  that each of its packed basic elements belong to.
** For each column, there are two numbers reported <A>/<B>.
   <A> is the number of elements that belong to that specific hierarchical module.
   <B> is the total number of elements from that hierarchical module and any lower level
   hierarchical modules below.
*** The LUTRAM column counts all LUTs used as memory including RAM, ROM, and shift registers.
