Asterisk (*) preceding a constraint indicates it was not met.
   This may be due to a setup or hold violation.

------------------------------------------------------------------------------------------------------
  Constraint                                |  Check  | Worst Case |  Best Case | Timing |   Timing   
                                            |         |    Slack   | Achievable | Errors |    Score   
------------------------------------------------------------------------------------------------------
  Autotimespec constraint for clock net clk | SETUP   |         N/A|    20.902ns|     N/A|           0
  _BUFGP                                    | HOLD    |     0.897ns|            |       0|           0
------------------------------------------------------------------------------------------------------
  Autotimespec constraint for clock net p1/ | SETUP   |         N/A|    34.982ns|     N/A|           0
  button_out                                | HOLD    |     0.990ns|            |       0|           0
------------------------------------------------------------------------------------------------------
  Autotimespec constraint for clock net p1/ | SETUP   |         N/A|     5.273ns|     N/A|          69
  m0/clk_1ms                                | HOLD    |     0.467ns|            |       0|           0
------------------------------------------------------------------------------------------------------
  Autotimespec constraint for clock net p2/ | SETUP   |         N/A|     5.795ns|     N/A|         686
  m0/clk_1ms                                | HOLD    |     0.464ns|            |       0|           0
------------------------------------------------------------------------------------------------------


2 constraints not met.
INFO:Timing:2761 - N/A entries in the Constraints list may indicate that the 
   constraint does not cover any paths or that it has no requested value.


