--------------------------------------------------------------------------------
Release 10.1 Trace  (nt)
Copyright (c) 1995-2008 Xilinx, Inc.  All rights reserved.

C:\Xilinx\10.1\ISE\bin\nt\unwrapped\trce.exe -ise
C:/Users/student/Desktop/p2/hlz/p3/p3.ise -intstyle ise -e 3 -s 4 -xml hlz
hlz.ncd -o hlz.twr hlz.pcf -ucf lab3.ucf

Design file:              hlz.ncd
Physical constraint file: hlz.pcf
Device,package,speed:     xc3s200,ft256,-4 (PRODUCTION 1.39 2008-01-09)
Report level:             error report

Environment Variable      Effect 
--------------------      ------ 
NONE                      No environment variables were set
--------------------------------------------------------------------------------

INFO:Timing:2698 - No timing constraints found, doing default enumeration.
INFO:Timing:2752 - To get complete path coverage, use the unconstrained paths 
   option. All paths that are not constrained will be reported in the 
   unconstrained paths section(s) of the report.
INFO:Timing:3339 - The clock-to-out numbers in this timing report are based on 
   a 50 Ohm transmission line loading model.  For the details of this model, 
   and for more information on accounting for different loading conditions, 
   please see the device datasheet.



Data Sheet report:
-----------------
All values displayed in nanoseconds (ns)

Setup/Hold to clock clk
------------+------------+------------+------------------+--------+
            |  Setup to  |  Hold to   |                  | Clock  |
Source      | clk (edge) | clk (edge) |Internal Clock(s) | Phase  |
------------+------------+------------+------------------+--------+
switch<0>   |    2.958(R)|   -0.065(R)|clk_BUFGP         |   0.000|
switch<1>   |    3.132(R)|    0.293(R)|clk_BUFGP         |   0.000|
------------+------------+------------+------------------+--------+

Clock button<0> to Pad
------------+------------+-------------------+--------+
            | clk (edge) |                   | Clock  |
Destination |   to PAD   |Internal Clock(s)  | Phase  |
------------+------------+-------------------+--------+
o_zf        |   13.725(F)|M1/disp_code_or0000|   0.000|
------------+------------+-------------------+--------+

Clock button<1> to Pad
------------+------------+-------------------+--------+
            | clk (edge) |                   | Clock  |
Destination |   to PAD   |Internal Clock(s)  | Phase  |
------------+------------+-------------------+--------+
o_zf        |   14.704(F)|M1/disp_code_or0000|   0.000|
------------+------------+-------------------+--------+

Clock clk to Pad
------------+------------+------------------+--------+
            | clk (edge) |                  | Clock  |
Destination |   to PAD   |Internal Clock(s) | Phase  |
------------+------------+------------------+--------+
anode<0>    |    9.537(R)|clk_BUFGP         |   0.000|
anode<1>    |    8.380(R)|clk_BUFGP         |   0.000|
anode<2>    |    8.380(R)|clk_BUFGP         |   0.000|
anode<3>    |    9.099(R)|clk_BUFGP         |   0.000|
segment<0>  |    9.916(R)|clk_BUFGP         |   0.000|
segment<1>  |    9.475(R)|clk_BUFGP         |   0.000|
segment<2>  |    9.206(R)|clk_BUFGP         |   0.000|
segment<3>  |    9.547(R)|clk_BUFGP         |   0.000|
segment<4>  |    9.989(R)|clk_BUFGP         |   0.000|
segment<5>  |    9.838(R)|clk_BUFGP         |   0.000|
segment<6>  |    9.571(R)|clk_BUFGP         |   0.000|
------------+------------+------------------+--------+

Clock switch<2> to Pad
------------+------------+-------------------+--------+
            | clk (edge) |                   | Clock  |
Destination |   to PAD   |Internal Clock(s)  | Phase  |
------------+------------+-------------------+--------+
o_zf        |   14.715(F)|M1/disp_code_or0000|   0.000|
------------+------------+-------------------+--------+

Clock switch<3> to Pad
------------+------------+-------------------+--------+
            | clk (edge) |                   | Clock  |
Destination |   to PAD   |Internal Clock(s)  | Phase  |
------------+------------+-------------------+--------+
o_zf        |   14.600(F)|M1/disp_code_or0000|   0.000|
------------+------------+-------------------+--------+

Clock switch<4> to Pad
------------+------------+-------------------+--------+
            | clk (edge) |                   | Clock  |
Destination |   to PAD   |Internal Clock(s)  | Phase  |
------------+------------+-------------------+--------+
o_zf        |   14.167(F)|M1/disp_code_or0000|   0.000|
------------+------------+-------------------+--------+

Clock switch<5> to Pad
------------+------------+-------------------+--------+
            | clk (edge) |                   | Clock  |
Destination |   to PAD   |Internal Clock(s)  | Phase  |
------------+------------+-------------------+--------+
o_zf        |   13.638(F)|M1/disp_code_or0000|   0.000|
------------+------------+-------------------+--------+

Clock to Setup on destination clock button<0>
---------------+---------+---------+---------+---------+
               | Src:Rise| Src:Fall| Src:Rise| Src:Fall|
Source Clock   |Dest:Rise|Dest:Rise|Dest:Fall|Dest:Fall|
---------------+---------+---------+---------+---------+
button<0>      |         |         |    0.661|    0.661|
button<1>      |         |         |    1.640|    1.640|
switch<2>      |         |         |    1.651|    1.651|
switch<3>      |         |         |    1.671|    1.671|
switch<4>      |         |         |    1.103|    1.103|
switch<5>      |         |         |    0.709|    0.709|
---------------+---------+---------+---------+---------+

Clock to Setup on destination clock button<1>
---------------+---------+---------+---------+---------+
               | Src:Rise| Src:Fall| Src:Rise| Src:Fall|
Source Clock   |Dest:Rise|Dest:Rise|Dest:Fall|Dest:Fall|
---------------+---------+---------+---------+---------+
button<0>      |         |         |    1.170|    1.170|
button<1>      |         |         |    2.149|    2.149|
switch<2>      |         |         |    2.160|    2.160|
switch<3>      |         |         |    2.180|    2.180|
switch<4>      |         |         |    1.612|    1.612|
switch<5>      |         |         |    1.218|    1.218|
---------------+---------+---------+---------+---------+

Clock to Setup on destination clock clk
---------------+---------+---------+---------+---------+
               | Src:Rise| Src:Fall| Src:Rise| Src:Fall|
Source Clock   |Dest:Rise|Dest:Rise|Dest:Fall|Dest:Fall|
---------------+---------+---------+---------+---------+
button<0>      |         |    3.571|         |         |
button<1>      |         |    3.571|         |         |
clk            |    3.957|         |         |         |
switch<2>      |         |    3.571|         |         |
switch<3>      |         |    3.571|         |         |
switch<4>      |         |    3.571|         |         |
switch<5>      |         |    3.571|         |         |
---------------+---------+---------+---------+---------+

Clock to Setup on destination clock switch<2>
---------------+---------+---------+---------+---------+
               | Src:Rise| Src:Fall| Src:Rise| Src:Fall|
Source Clock   |Dest:Rise|Dest:Rise|Dest:Fall|Dest:Fall|
---------------+---------+---------+---------+---------+
button<0>      |         |         |    1.161|    1.161|
button<1>      |         |         |    2.140|    2.140|
switch<2>      |         |         |    2.151|    2.151|
switch<3>      |         |         |    2.171|    2.171|
switch<4>      |         |         |    1.603|    1.603|
switch<5>      |         |         |    1.209|    1.209|
---------------+---------+---------+---------+---------+

Clock to Setup on destination clock switch<3>
---------------+---------+---------+---------+---------+
               | Src:Rise| Src:Fall| Src:Rise| Src:Fall|
Source Clock   |Dest:Rise|Dest:Rise|Dest:Fall|Dest:Fall|
---------------+---------+---------+---------+---------+
button<0>      |         |         |    0.223|    0.223|
button<1>      |         |         |    1.202|    1.202|
switch<2>      |         |         |    1.213|    1.213|
switch<3>      |         |         |    1.233|    1.233|
switch<4>      |         |         |    0.665|    0.665|
switch<5>      |         |         |    0.271|    0.271|
---------------+---------+---------+---------+---------+

Clock to Setup on destination clock switch<4>
---------------+---------+---------+---------+---------+
               | Src:Rise| Src:Fall| Src:Rise| Src:Fall|
Source Clock   |Dest:Rise|Dest:Rise|Dest:Fall|Dest:Fall|
---------------+---------+---------+---------+---------+
button<0>      |         |         |    1.599|    1.599|
button<1>      |         |         |    2.578|    2.578|
switch<2>      |         |         |    2.589|    2.589|
switch<3>      |         |         |    2.609|    2.609|
switch<4>      |         |         |    2.041|    2.041|
switch<5>      |         |         |    1.647|    1.647|
---------------+---------+---------+---------+---------+

Clock to Setup on destination clock switch<5>
---------------+---------+---------+---------+---------+
               | Src:Rise| Src:Fall| Src:Rise| Src:Fall|
Source Clock   |Dest:Rise|Dest:Rise|Dest:Fall|Dest:Fall|
---------------+---------+---------+---------+---------+
button<0>      |         |         |    1.863|    1.863|
button<1>      |         |         |    2.842|    2.842|
switch<2>      |         |         |    2.853|    2.853|
switch<3>      |         |         |    2.873|    2.873|
switch<4>      |         |         |    2.305|    2.305|
switch<5>      |         |         |    1.911|    1.911|
---------------+---------+---------+---------+---------+


Analysis completed Tue Mar 11 12:18:55 2014 
--------------------------------------------------------------------------------

Trace Settings:
-------------------------
Trace Settings 

Peak Memory Usage: 105 MB



