Asterisk (*) preceding a constraint indicates it was not met.
   This may be due to a setup or hold violation.

------------------------------------------------------------------------------------------------------
  Constraint                                |  Check  | Worst Case |  Best Case | Timing |   Timing   
                                            |         |    Slack   | Achievable | Errors |    Score   
------------------------------------------------------------------------------------------------------
  Autotimespec constraint for clock net clk | SETUP   |         N/A|     6.950ns|     N/A|           0
  _BUFGP                                    | HOLD    |     0.891ns|            |       0|           0
------------------------------------------------------------------------------------------------------
  Autotimespec constraint for clock net I1/ | SETUP   |         N/A|     4.107ns|     N/A|           0
  pbreg                                     | HOLD    |     0.400ns|            |       0|           0
------------------------------------------------------------------------------------------------------
  Autotimespec constraint for clock net I11 | SETUP   |         N/A|     4.721ns|     N/A|           0
  /pbreg                                    | HOLD    |     0.728ns|            |       0|           0
------------------------------------------------------------------------------------------------------
  Autotimespec constraint for clock net I11 | SETUP   |         N/A|     5.590ns|     N/A|         918
  11/pbreg                                  | HOLD    |     1.287ns|            |       0|           0
------------------------------------------------------------------------------------------------------
  Autotimespec constraint for clock net I11 | SETUP   |         N/A|     5.035ns|     N/A|           0
  111/pbreg                                 | HOLD    |     0.362ns|            |       0|           0
------------------------------------------------------------------------------------------------------
  Autotimespec constraint for clock net I11 | SETUP   |         N/A|     5.669ns|     N/A|         881
  111/m0/clk_1ms                            | HOLD    |     0.424ns|            |       0|           0
------------------------------------------------------------------------------------------------------
  Autotimespec constraint for clock net I2/ | SETUP   |         N/A|     1.965ns|     N/A|         291
  clk_500ms                                 | HOLD    |     0.897ns|            |       0|           0
------------------------------------------------------------------------------------------------------
  Autotimespec constraint for clock net I1/ | SETUP   |         N/A|     4.912ns|     N/A|           0
  m0/clk_1ms                                | HOLD    |     0.345ns|            |       0|           0
------------------------------------------------------------------------------------------------------
  Autotimespec constraint for clock net I11 | SETUP   |         N/A|     4.778ns|     N/A|           5
  11/m0/clk_1ms                             | HOLD    |     0.642ns|            |       0|           0
------------------------------------------------------------------------------------------------------
  Autotimespec constraint for clock net I11 | SETUP   |         N/A|     5.791ns|     N/A|         840
  /m0/clk_1ms                               | HOLD    |     0.546ns|            |       0|           0
------------------------------------------------------------------------------------------------------


5 constraints not met.
INFO:Timing:2761 - N/A entries in the Constraints list may indicate that the 
   constraint does not cover any paths or that it has no requested value.


